D:\QTPROJECT\SYNCFILE\SYNCFILE\DEBUG\MAIN.OBJ
D:\QTPROJECT\SYNCFILE\SYNCFILE\DEBUG\MAINWINDOW.OBJ
D:\QTPROJECT\SYNCFILE\SYNCFILE\DEBUG\MOC_MAINWINDOW.OBJ
D:\QTPROJECT\SYNCFILE\SYNCFILE\DEBUG\SYSTEMTRAYICON.OBJ
D:\QTPROJECT\SYNCFILE\SYNCFILE\DEBUG\VC110.PDB
D:\QTPROJECT\SYNCFILE\SYNCFILE\DEBUG\QRC_SYNCFILE.OBJ
D:\QTPROJECT\SYNCFILE\SYNCFILE\GENERATEDFILES\DEBUG\MOC_MAINWINDOW.CPP
D:\QTPROJECT\SYNCFILE\SYNCFILE\GENERATEDFILES\QRC_SYNCFILE.CPP
D:\QTPROJECT\SYNCFILE\WIN32\DEBUG\SYNCFILE.ILK
D:\QTPROJECT\SYNCFILE\WIN32\DEBUG\SYNCFILE.EXE
D:\QTPROJECT\SYNCFILE\WIN32\DEBUG\SYNCFILE.PDB
D:\QtProject\syncfile\syncfile\Debug\main.obj
D:\QtProject\syncfile\syncfile\Debug\MainWindow.obj
D:\QtProject\syncfile\syncfile\Debug\moc_MainWindow.obj
D:\QtProject\syncfile\syncfile\Debug\qrc_syncfile.obj
D:\QtProject\syncfile\syncfile\Debug\SystemTrayIcon.obj
D:\QtProject\syncfile\syncfile\Debug\cl.command.1.tlog
D:\QtProject\syncfile\syncfile\Debug\CL.read.1.tlog
D:\QtProject\syncfile\syncfile\Debug\CL.write.1.tlog
D:\QtProject\syncfile\syncfile\Debug\custombuild.command.1.tlog
D:\QtProject\syncfile\syncfile\Debug\custombuild.read.1.tlog
D:\QtProject\syncfile\syncfile\Debug\custombuild.write.1.tlog
D:\QtProject\syncfile\syncfile\Debug\link-cvtres.read.1.tlog
D:\QtProject\syncfile\syncfile\Debug\link-cvtres.write.1.tlog
D:\QtProject\syncfile\syncfile\Debug\link-rc.read.1.tlog
D:\QtProject\syncfile\syncfile\Debug\link-rc.write.1.tlog
D:\QtProject\syncfile\syncfile\Debug\link.45336-cvtres.read.1.tlog
D:\QtProject\syncfile\syncfile\Debug\link.45336-cvtres.write.1.tlog
D:\QtProject\syncfile\syncfile\Debug\link.45336-rc.read.1.tlog
D:\QtProject\syncfile\syncfile\Debug\link.45336-rc.write.1.tlog
D:\QtProject\syncfile\syncfile\Debug\link.45336.read.1.tlog
D:\QtProject\syncfile\syncfile\Debug\link.45336.write.1.tlog
D:\QtProject\syncfile\syncfile\Debug\link.45392-cvtres.read.1.tlog
D:\QtProject\syncfile\syncfile\Debug\link.45392-cvtres.write.1.tlog
D:\QtProject\syncfile\syncfile\Debug\link.45392-rc.read.1.tlog
D:\QtProject\syncfile\syncfile\Debug\link.45392-rc.write.1.tlog
D:\QtProject\syncfile\syncfile\Debug\link.45392.read.1.tlog
D:\QtProject\syncfile\syncfile\Debug\link.45392.write.1.tlog
D:\QtProject\syncfile\syncfile\Debug\link.47680-cvtres.read.1.tlog
D:\QtProject\syncfile\syncfile\Debug\link.47680-cvtres.write.1.tlog
D:\QtProject\syncfile\syncfile\Debug\link.47680-rc.read.1.tlog
D:\QtProject\syncfile\syncfile\Debug\link.47680-rc.write.1.tlog
D:\QtProject\syncfile\syncfile\Debug\link.47680.read.1.tlog
D:\QtProject\syncfile\syncfile\Debug\link.47680.write.1.tlog
D:\QtProject\syncfile\syncfile\Debug\link.48072-cvtres.read.1.tlog
D:\QtProject\syncfile\syncfile\Debug\link.48072-cvtres.write.1.tlog
D:\QtProject\syncfile\syncfile\Debug\link.48072-rc.read.1.tlog
D:\QtProject\syncfile\syncfile\Debug\link.48072-rc.write.1.tlog
D:\QtProject\syncfile\syncfile\Debug\link.48072.read.1.tlog
D:\QtProject\syncfile\syncfile\Debug\link.48072.write.1.tlog
D:\QtProject\syncfile\syncfile\Debug\link.48464-cvtres.read.1.tlog
D:\QtProject\syncfile\syncfile\Debug\link.48464-cvtres.write.1.tlog
D:\QtProject\syncfile\syncfile\Debug\link.48464-rc.read.1.tlog
D:\QtProject\syncfile\syncfile\Debug\link.48464-rc.write.1.tlog
D:\QtProject\syncfile\syncfile\Debug\link.48464.read.1.tlog
D:\QtProject\syncfile\syncfile\Debug\link.48464.write.1.tlog
D:\QtProject\syncfile\syncfile\Debug\link.49760-cvtres.read.1.tlog
D:\QtProject\syncfile\syncfile\Debug\link.49760-cvtres.write.1.tlog
D:\QtProject\syncfile\syncfile\Debug\link.49760-rc.read.1.tlog
D:\QtProject\syncfile\syncfile\Debug\link.49760-rc.write.1.tlog
D:\QtProject\syncfile\syncfile\Debug\link.49760.read.1.tlog
D:\QtProject\syncfile\syncfile\Debug\link.49760.write.1.tlog
D:\QtProject\syncfile\syncfile\Debug\link.50440-cvtres.read.1.tlog
D:\QtProject\syncfile\syncfile\Debug\link.50440-cvtres.write.1.tlog
D:\QtProject\syncfile\syncfile\Debug\link.50440-rc.read.1.tlog
D:\QtProject\syncfile\syncfile\Debug\link.50440-rc.write.1.tlog
D:\QtProject\syncfile\syncfile\Debug\link.50440.read.1.tlog
D:\QtProject\syncfile\syncfile\Debug\link.50440.write.1.tlog
D:\QtProject\syncfile\syncfile\Debug\link.51356-cvtres.read.1.tlog
D:\QtProject\syncfile\syncfile\Debug\link.51356-cvtres.write.1.tlog
D:\QtProject\syncfile\syncfile\Debug\link.51356-rc.read.1.tlog
D:\QtProject\syncfile\syncfile\Debug\link.51356-rc.write.1.tlog
D:\QtProject\syncfile\syncfile\Debug\link.51356.read.1.tlog
D:\QtProject\syncfile\syncfile\Debug\link.51356.write.1.tlog
D:\QtProject\syncfile\syncfile\Debug\link.command.1.tlog
D:\QtProject\syncfile\syncfile\Debug\link.read.1.tlog
D:\QtProject\syncfile\syncfile\Debug\link.write.1.tlog
D:\QtProject\syncfile\syncfile\Debug\vc110.pdb
D:\QtProject\syncfile\Win32\Debug\syncfile.pdb
D:\QtProject\syncfile\Win32\Debug\syncfile.exe
D:\QtProject\syncfile\Win32\Debug\syncfile.ilk
